[2025-08-10 22:34:03] WARN: Registration attempted with existing email: test@examplee.com
[2025-08-10 22:34:31] INFO: New user registered with email: test@exmplee.com
[2025-08-10 22:35:55] INFO: New user registered with email: test@exmplee
[2025-08-10 22:38:06] INFO: Login attempt for email: test@exmplee
[2025-08-10 22:38:21] INFO: Login attempt for email: test@exmplee
[2025-08-10 22:39:02] INFO: Login attempt for email: test@exmplee
[2025-08-10 22:39:02] INFO: Login successful for email: test@exmplee
[2025-08-10 22:41:25] INFO: Login attempt for email: test@exmplee
[2025-08-10 22:41:25] INFO: Login successful for email: test@exmplee
[2025-08-11 18:31:22] ERROR: Error fetching public sessions: Cannot call `sessions.find()` before initial connection is complete if `bufferCommands = false`. Make sure you `await mongoose.connect()` if you have `bufferCommands = false`.
[2025-08-11 18:42:00] ERROR: Registration failed: Cannot call `users.findOne()` before initial connection is complete if `bufferCommands = false`. Make sure you `await mongoose.connect()` if you have `bufferCommands = false`.
[2025-08-11 18:42:19] ERROR: Registration failed: Cannot call `users.findOne()` before initial connection is complete if `bufferCommands = false`. Make sure you `await mongoose.connect()` if you have `bufferCommands = false`.
[2025-08-11 18:44:11] ERROR: Registration failed: Cannot call `users.findOne()` before initial connection is complete if `bufferCommands = false`. Make sure you `await mongoose.connect()` if you have `bufferCommands = false`.
[2025-08-11 19:07:51] WARN: Registration attempted with existing email: test@exmplee
[2025-08-11 19:19:34] ERROR: Session publish failed for user 6898d173452d471df7b5d54d: my is not defined
[2025-08-11 19:19:37] ERROR: Session publish failed for user 6898d173452d471df7b5d54d: my is not defined
[2025-08-11 19:19:38] ERROR: Session publish failed for user 6898d173452d471df7b5d54d: my is not defined
[2025-08-11 19:25:54] ERROR: Session publish failed for user 6898d173452d471df7b5d54d: id is not defined
[2025-08-11 19:25:56] ERROR: Session publish failed for user 6898d173452d471df7b5d54d: id is not defined
[2025-08-11 19:25:59] ERROR: Session publish failed for user 6898d173452d471df7b5d54d: id is not defined
[2025-08-11 19:26:02] ERROR: Session publish failed for user 6898d173452d471df7b5d54d: id is not defined
[2025-08-11 19:30:35] INFO: Session published by user 6898d173452d471df7b5d54d with title: Morning Yoga Flow
[2025-08-11 19:38:32] ERROR: Session publish failed for user 6898d173452d471df7b5d54d: Session validation failed: content: Session content is required, duration: Duration is required, description: Description is required
[2025-08-11 19:38:33] ERROR: Session publish failed for user 6898d173452d471df7b5d54d: Session validation failed: content: Session content is required, duration: Duration is required, description: Description is required
[2025-08-11 19:41:08] ERROR: Session publish failed for user 6898d173452d471df7b5d54d: Session validation failed: content: Session content is required, duration: Duration is required, description: Description is required
[2025-08-11 19:41:10] ERROR: Session publish failed for user 6898d173452d471df7b5d54d: Session validation failed: content: Session content is required, duration: Duration is required, description: Description is required
[2025-08-11 19:49:05] ERROR: Session publish failed for user 6898d173452d471df7b5d54d: Session validation failed: content: Session content is required, duration: Duration is required, description: Description is required
[2025-08-11 19:49:06] ERROR: Session publish failed for user 6898d173452d471df7b5d54d: Session validation failed: content: Session content is required, duration: Duration is required, description: Description is required
[2025-08-11 19:51:09] INFO: Session published by user 6898d173452d471df7b5d54d with title: Morning Yoga Flow
[2025-08-11 20:49:17] INFO: Draft saved for user 6898d173452d471df7b5d54d
[2025-08-11 20:49:26] INFO: Draft saved for user 6898d173452d471df7b5d54d
[2025-08-11 20:50:07] ERROR: Error deleting session save-draft: Cast to ObjectId failed for value "save-draft" (type string) at path "_id" for model "Session"
[2025-08-11 20:50:47] INFO: Session 6899fc55792869364081aff1 deleted by user 6898d173452d471df7b5d54d
[2025-08-11 21:21:23] INFO: User 6898d173452d471df7b5d54d logged out successfully
